[0.019s] Invoking command in '/home/mmitss/Documents/cda-mmitss/mmitss/src/common/MsgTransceiver/CarmaDecoderRos2/build/carma-ros2-decoder': CMAKE_PREFIX_PATH=/opt/ros/foxy:${CMAKE_PREFIX_PATH} CONDA_PROMPT_MODIFIER=(base) /usr/bin/cmake --build /home/mmitss/Documents/cda-mmitss/mmitss/src/common/MsgTransceiver/CarmaDecoderRos2/build/carma-ros2-decoder -- -j8 -l8
[0.049s] -- Found ament_cmake: 0.9.12 (/opt/ros/foxy/share/ament_cmake/cmake)
[0.072s] -- Using PYTHON_EXECUTABLE: /home/mmitss/anaconda3/bin/python3
[0.286s] -- Found ament_cmake_auto: 0.9.12 (/opt/ros/foxy/share/ament_cmake_auto/cmake)
[0.386s] -- Using all available rosidl_typesupport_c: rosidl_typesupport_fastrtps_c;rosidl_typesupport_introspection_c
[0.389s] -- Found rosidl_adapter: 1.3.1 (/opt/ros/foxy/share/rosidl_adapter/cmake)
[0.484s] -- Using all available rosidl_typesupport_cpp: rosidl_typesupport_fastrtps_cpp;rosidl_typesupport_introspection_cpp
[0.527s] -- Found rmw_implementation_cmake: 1.0.4 (/opt/ros/foxy/share/rmw_implementation_cmake/cmake)
[0.528s] -- Using RMW implementation 'rmw_fastrtps_cpp' as default
[0.749s] -- Found ament_lint_auto: 0.9.8 (/opt/ros/foxy/share/ament_lint_auto/cmake)
[0.764s] -- Added test 'copyright' to check source files copyright and LICENSE
[0.776s] -- Added test 'cppcheck' to perform static code analysis on C / C++ code
[0.776s] -- Configured cppcheck include dirs: /home/mmitss/Documents/cda-mmitss/mmitss/src/common/MsgTransceiver/CarmaDecoderRos2/../../../include;/home/mmitss/Documents/cda-mmitss/mmitss/src/common/MsgTransceiver/CarmaDecoderRos2/../../../include/common;/home/mmitss/Documents/cda-mmitss/mmitss/src/common/MsgTransceiver/CarmaDecoderRos2/../../../include/libj2735;/home/mmitss/Documents/cda-mmitss/mmitss/src/common/MsgTransceiver/CarmaDecoderRos2/../../../3rdparty/asn1j2735/include;/home/mmitss/Documents/cda-mmitss/mmitss/src/common/MsgTransceiver/CarmaDecoderRos2/../../../3rdparty/glpk/include;/home/mmitss/Documents/cda-mmitss/mmitss/src/common/MsgTransceiver/CarmaDecoderRos2/../../../3rdparty/mapengine/include;/home/mmitss/Documents/cda-mmitss/mmitss/src/common/MsgTransceiver/CarmaDecoderRos2/../../../3rdparty/net-snmp
[0.776s] -- Configured cppcheck exclude dirs and/or files: 
[0.788s] -- Added test 'cpplint' to check C / C++ code against the Google style
[0.788s] -- Configured cpplint exclude dirs and/or files: 
[0.789s] -- Added test 'flake8' to check Python code syntax and style conventions
[0.793s] -- Added test 'lint_cmake' to check CMake code style
[0.794s] -- Added test 'pep257' to check Python code against some of the style conventions in PEP 257
[0.806s] -- Added test 'uncrustify' to check C / C++ code style
[0.806s] -- Configured uncrustify additional arguments: 
[0.808s] -- Added test 'xmllint' to check XML markup files
[0.810s] -- Configuring done
[0.880s] -- Generating done
[0.882s] -- Build files have been written to: /home/mmitss/Documents/cda-mmitss/mmitss/src/common/MsgTransceiver/CarmaDecoderRos2/build/carma-ros2-decoder
[0.908s] [35m[1mScanning dependencies of target CarmaDecoderRos2[0m
[0.962s] [ 40%] [32mBuilding CXX object CMakeFiles/CarmaDecoderRos2.dir/src/carma-msg-decoder.cpp.o[0m
[0.962s] [ 40%] [32mBuilding CXX object CMakeFiles/CarmaDecoderRos2.dir/src/carma-outbound-listener.cpp.o[0m
[0.962s] [ 60%] [32mBuilding CXX object CMakeFiles/CarmaDecoderRos2.dir/src/carma-inbound-listener.cpp.o[0m
[0.965s] [ 80%] [32mBuilding CXX object CMakeFiles/CarmaDecoderRos2.dir/src/carma-transceiver-decoder.cpp.o[0m
[1.002s] In file included from [01m[K/home/mmitss/Documents/cda-mmitss/mmitss/src/common/MsgTransceiver/CarmaDecoderRos2/src/carma-outbound-listener.cpp:1[m[K:
[1.002s] [01m[K/home/mmitss/Documents/cda-mmitss/mmitss/src/common/MsgTransceiver/CarmaDecoderRos2/src/carma-outbound-listener.h:3:10:[m[K [01;31m[Kfatal error: [m[KUdpSocket.h: No such file or directory
[1.002s]     3 | #include [01;31m[K<UdpSocket.h>[m[K
[1.002s]       |          [01;31m[K^~~~~~~~~~~~~[m[K
[1.002s] compilation terminated.
[1.003s] make[2]: *** [CMakeFiles/CarmaDecoderRos2.dir/build.make:89: CMakeFiles/CarmaDecoderRos2.dir/src/carma-outbound-listener.cpp.o] Error 1
[1.003s] make[2]: *** Waiting for unfinished jobs....
[1.016s] [01m[K/home/mmitss/Documents/cda-mmitss/mmitss/src/common/MsgTransceiver/CarmaDecoderRos2/src/carma-transceiver-decoder.cpp:10:10:[m[K [01;31m[Kfatal error: [m[KAsnJ2735Lib.h: No such file or directory
[1.016s]    10 | #include [01;31m[K"AsnJ2735Lib.h"[m[K
[1.016s]       |          [01;31m[K^~~~~~~~~~~~~~~[m[K
[1.016s] compilation terminated.
[1.017s] make[2]: *** [CMakeFiles/CarmaDecoderRos2.dir/build.make:102: CMakeFiles/CarmaDecoderRos2.dir/src/carma-transceiver-decoder.cpp.o] Error 1
[1.025s] In file included from [01m[K/home/mmitss/Documents/cda-mmitss/mmitss/src/common/MsgTransceiver/CarmaDecoderRos2/src/carma-inbound-listener.cpp:1[m[K:
[1.026s] [01m[K/home/mmitss/Documents/cda-mmitss/mmitss/src/common/MsgTransceiver/CarmaDecoderRos2/src/carma-inbound-listener.h:4:10:[m[K [01;31m[Kfatal error: [m[KUdpSocket.h: No such file or directory
[1.026s]     4 | #include [01;31m[K"UdpSocket.h"[m[K
[1.026s]       |          [01;31m[K^~~~~~~~~~~~~[m[K
[1.026s] compilation terminated.
[1.027s] make[2]: *** [CMakeFiles/CarmaDecoderRos2.dir/build.make:63: CMakeFiles/CarmaDecoderRos2.dir/src/carma-inbound-listener.cpp.o] Error 1
[1.088s] In file included from [01m[K/home/mmitss/Documents/cda-mmitss/mmitss/src/common/MsgTransceiver/CarmaDecoderRos2/src/carma-msg-decoder.cpp:3[m[K:
[1.088s] [01m[K/home/mmitss/Documents/cda-mmitss/mmitss/src/common/MsgTransceiver/CarmaDecoderRos2/src/carma-outbound-listener.h:3:10:[m[K [01;31m[Kfatal error: [m[KUdpSocket.h: No such file or directory
[1.088s]     3 | #include [01;31m[K<UdpSocket.h>[m[K
[1.088s]       |          [01;31m[K^~~~~~~~~~~~~[m[K
[1.088s] compilation terminated.
[1.090s] make[2]: *** [CMakeFiles/CarmaDecoderRos2.dir/build.make:76: CMakeFiles/CarmaDecoderRos2.dir/src/carma-msg-decoder.cpp.o] Error 1
[1.090s] make[1]: *** [CMakeFiles/Makefile2:78: CMakeFiles/CarmaDecoderRos2.dir/all] Error 2
[1.090s] make: *** [Makefile:141: all] Error 2
[1.092s] Invoked command in '/home/mmitss/Documents/cda-mmitss/mmitss/src/common/MsgTransceiver/CarmaDecoderRos2/build/carma-ros2-decoder' returned '2': CMAKE_PREFIX_PATH=/opt/ros/foxy:${CMAKE_PREFIX_PATH} CONDA_PROMPT_MODIFIER=(base) /usr/bin/cmake --build /home/mmitss/Documents/cda-mmitss/mmitss/src/common/MsgTransceiver/CarmaDecoderRos2/build/carma-ros2-decoder -- -j8 -l8
